<?xml version="1.0" encoding="UTF-8"?>
<!--
~ Copyright The WildFly Authors
~ SPDX-License-Identifier: Apache-2.0
~
-->
<feature-group-spec name="test-subsystem-community" xmlns="urn:jboss:galleon:feature-group:1.0">
  <feature spec="subsystem.test-subsystem-community"/>
</feature-group-spec>